2026-05-30 00:34:01,835 INFO cross_market_features: rebuilding cross_market_features
2026-05-30 00:34:01,838 INFO cross_market_features: loaded 574 markets
2026-05-30 00:34:01,842 INFO cross_market_features: computing per-(wallet, market) outcomes via SQL...
2026-05-30 00:42:29,570 INFO cross_market_features: computed 849210 wallet-market pairs
2026-05-30 00:42:30,893 INFO cross_market_features: built wallet history for 379044 wallets
2026-05-30 00:43:08,303 INFO cross_market_features: loading trades for feature computation...
2026-05-30 00:44:11,076 INFO cross_market_features:   progress: 1000000/7804690 trades (12.8%)
2026-05-30 00:46:21,751 INFO cross_market_features:   progress: 2000000/7804690 trades (25.6%)
2026-05-30 00:49:45,707 INFO cross_market_features:   progress: 3000000/7804690 trades (38.4%)
2026-05-30 00:54:22,022 INFO cross_market_features:   progress: 4000000/7804690 trades (51.3%)
2026-05-30 01:00:48,226 INFO cross_market_features:   progress: 5000000/7804690 trades (64.1%)
2026-05-30 01:08:22,112 INFO cross_market_features:   progress: 6000000/7804690 trades (76.9%)
2026-05-30 01:16:55,328 INFO cross_market_features:   progress: 7000000/7804690 trades (89.7%)
2026-05-30 01:25:13,599 INFO cross_market_features:   progress: 7804690/7804690 trades (100.0%)
2026-05-30 01:26:07,983 INFO cross_market_features: done — inserted 7804690 rows

=== cross_market_features summary ===
  total rows:                   7,804,690
  rows with cluster history:    1,538,502
  strong signal rows            41,618  (>=3 prior, correct_rate>=0.67)

  top clusters by informed-trade count:
    us-strikes-iran                                 33,358
    israel-x-hamas-ceasefire                         4,500
    khamenei-out-as-supreme-leader-of-iran           1,491
    israel-strikes-iran                              1,128
    russia-x-ukraine-ceasefire                         873
    will-trump-visit-china                             115
    us-x-iran-diplomatic-meeting                        92
    will-putin-meet-with-zelenskyy                      61
